[0m16:33:40.160079 [debug] [MainThread]: Sending event: {'category': 'dbt', 'action': 'invocation', 'label': 'start', 'context': [<snowplow_tracker.self_describing_json.SelfDescribingJson object at 0x0000022399247770>, <snowplow_tracker.self_describing_json.SelfDescribingJson object at 0x000002239A697D90>, <snowplow_tracker.self_describing_json.SelfDescribingJson object at 0x000002239A6979D0>]}


============================== 16:33:40.166449 | ca339b26-e02b-4a2b-9e45-a4e00b6dcd3b ==============================
[0m16:33:40.166449 [info ] [MainThread]: Running with dbt=1.11.2
[0m16:33:40.167662 [debug] [MainThread]: running dbt with arguments {'static_parser': 'True', 'no_print': 'None', 'version_check': 'True', 'target_path': 'None', 'warn_error_options': 'WarnErrorOptionsV2(error=[], warn=[], silence=[])', 'printer_width': '80', 'write_json': 'True', 'introspect': 'True', 'log_cache_events': 'False', 'empty': 'None', 'cache_selected_only': 'False', 'log_format': 'default', 'debug': 'False', 'fail_fast': 'False', 'partial_parse': 'True', 'send_anonymous_usage_stats': 'True', 'quiet': 'False', 'warn_error': 'None', 'profiles_dir': 'C:\\Users\\mesai\\.dbt', 'indirect_selection': 'eager', 'use_colors': 'True', 'invocation_command': 'dbt init --skip-profile-setup airbnb', 'use_experimental_parser': 'False', 'log_path': 'logs'}
[0m16:33:40.781917 [info ] [MainThread]: Creating dbt configuration folder at C:\Users\mesai\.dbt
[0m16:33:40.787959 [debug] [MainThread]: Starter project path: D:\DBT\course\.venv\Lib\site-packages\dbt\include\starter_project
[0m16:33:40.837588 [info ] [MainThread]: 
Your new dbt project "airbnb" was created!

For more information on how to configure the profiles.yml file,
please consult the dbt documentation here:

  https://docs.getdbt.com/docs/configure-your-profile

One more thing:

Need help? Don't hesitate to reach out to us via GitHub issues or on Slack:

  https://community.getdbt.com/

Happy modeling!

[0m16:33:40.839405 [debug] [MainThread]: Command `dbt init` succeeded at 16:33:40.839161 after 0.87 seconds
[0m16:33:40.839961 [debug] [MainThread]: Sending event: {'category': 'dbt', 'action': 'invocation', 'label': 'end', 'context': [<snowplow_tracker.self_describing_json.SelfDescribingJson object at 0x000002239A748510>, <snowplow_tracker.self_describing_json.SelfDescribingJson object at 0x000002239B7E4DD0>, <snowplow_tracker.self_describing_json.SelfDescribingJson object at 0x000002239A52E9C0>]}
[0m16:33:40.840490 [debug] [MainThread]: Flushing usage events
[0m16:33:41.752002 [debug] [MainThread]: An error was encountered while trying to flush usage events
[0m18:14:46.625551 [debug] [MainThread]: Got an exception trying to initialize tracking


============================== 18:14:46.834708 | 05c4c883-5ebe-46ce-9f0a-dde7bafcf90d ==============================
[0m18:14:46.834708 [info ] [MainThread]: Running with dbt=1.11.7
[0m18:14:46.835732 [debug] [MainThread]: running dbt with arguments {'static_parser': 'True', 'no_print': 'None', 'version_check': 'True', 'target_path': 'None', 'warn_error_options': 'WarnErrorOptionsV2(error=[], warn=[], silence=[])', 'printer_width': '80', 'write_json': 'True', 'introspect': 'True', 'log_cache_events': 'False', 'empty': 'False', 'cache_selected_only': 'False', 'fail_fast': 'False', 'debug': 'False', 'log_format': 'default', 'partial_parse': 'True', 'send_anonymous_usage_stats': 'True', 'quiet': 'False', 'warn_error': 'None', 'profiles_dir': 'C:\\Users\\mesai\\.dbt', 'invocation_command': 'dbt run', 'use_colors': 'True', 'indirect_selection': 'eager', 'use_experimental_parser': 'False', 'log_path': 'logs'}
[0m18:14:46.836420 [error] [MainThread]: Encountered an error:
Runtime Error
  No dbt_project.yml found at expected path D:\DBT\course\dbt_project.yml
  Verify that each entry within packages.yml (and their transitive dependencies) contains a file named dbt_project.yml
  
[0m18:14:46.837583 [debug] [MainThread]: Command `dbt run` failed at 18:14:46.837396 after 0.28 seconds
[0m18:14:46.838037 [debug] [MainThread]: Flushing usage events
[0m18:15:39.294994 [debug] [MainThread]: Got an exception trying to initialize tracking


============================== 18:15:39.389016 | a911a8b8-77cf-4194-ba95-38423ad17525 ==============================
[0m18:15:39.389016 [info ] [MainThread]: Running with dbt=1.11.7
[0m18:15:39.389920 [debug] [MainThread]: running dbt with arguments {'static_parser': 'True', 'no_print': 'None', 'version_check': 'True', 'target_path': 'None', 'warn_error_options': 'WarnErrorOptionsV2(error=[], warn=[], silence=[])', 'printer_width': '80', 'write_json': 'True', 'empty': 'False', 'log_cache_events': 'False', 'introspect': 'True', 'cache_selected_only': 'False', 'log_format': 'default', 'debug': 'False', 'fail_fast': 'False', 'partial_parse': 'True', 'send_anonymous_usage_stats': 'True', 'quiet': 'False', 'warn_error': 'None', 'profiles_dir': 'C:\\Users\\mesai\\.dbt', 'indirect_selection': 'eager', 'invocation_command': 'dbt run', 'use_colors': 'True', 'use_experimental_parser': 'False', 'log_path': 'logs'}
[0m18:15:39.390586 [error] [MainThread]: Encountered an error:
Runtime Error
  No dbt_project.yml found at expected path D:\DBT\course\dbt_project.yml
  Verify that each entry within packages.yml (and their transitive dependencies) contains a file named dbt_project.yml
  
[0m18:15:39.392319 [debug] [MainThread]: Command `dbt run` failed at 18:15:39.392077 after 0.18 seconds
[0m18:15:39.392901 [debug] [MainThread]: Flushing usage events
[0m18:16:14.276405 [debug] [MainThread]: Got an exception trying to initialize tracking


============================== 18:16:14.362007 | 9efb0811-df6b-4f10-9e8d-7033fa24ab71 ==============================
[0m18:16:14.362007 [info ] [MainThread]: Running with dbt=1.11.7
[0m18:16:14.362914 [debug] [MainThread]: running dbt with arguments {'static_parser': 'True', 'no_print': 'None', 'version_check': 'True', 'warn_error_options': 'WarnErrorOptionsV2(error=[], warn=[], silence=[])', 'target_path': 'None', 'printer_width': '80', 'write_json': 'True', 'introspect': 'True', 'log_cache_events': 'False', 'empty': 'None', 'cache_selected_only': 'False', 'log_format': 'default', 'debug': 'False', 'fail_fast': 'False', 'partial_parse': 'True', 'send_anonymous_usage_stats': 'True', 'quiet': 'False', 'warn_error': 'None', 'profiles_dir': 'C:\\Users\\mesai\\.dbt', 'invocation_command': 'dbt debug', 'use_colors': 'True', 'indirect_selection': 'eager', 'use_experimental_parser': 'False', 'log_path': 'logs'}
[0m18:16:14.388318 [info ] [MainThread]: dbt version: 1.11.7
[0m18:16:14.389209 [info ] [MainThread]: python version: 3.13.12
[0m18:16:14.390180 [info ] [MainThread]: python path: D:\DBT\course\airbnb\.venv\Scripts\python.exe
[0m18:16:14.391500 [info ] [MainThread]: os info: Windows-11-10.0.26200-SP0
[0m18:16:14.392772 [info ] [MainThread]: Using profiles dir at C:\Users\mesai\.dbt
[0m18:16:14.393926 [info ] [MainThread]: Using profiles.yml file at C:\Users\mesai\.dbt\profiles.yml
[0m18:16:14.394596 [info ] [MainThread]: Using dbt_project.yml file at D:\DBT\course\dbt_project.yml
[0m18:16:14.395108 [info ] [MainThread]: Configuration:
[0m18:16:14.395504 [info ] [MainThread]:   profiles.yml file [[31mERROR not found[0m]
[0m18:16:14.395880 [info ] [MainThread]:   dbt_project.yml file [[31mERROR not found[0m]
[0m18:16:14.396244 [info ] [MainThread]: Required dependencies:
[0m18:16:14.396707 [debug] [MainThread]: Executing "git --help"
[0m18:16:14.448044 [debug] [MainThread]: STDOUT: "b"usage: git [-v | --version] [-h | --help] [-C <path>] [-c <name>=<value>]\n           [--exec-path[=<path>]] [--html-path] [--man-path] [--info-path]\n           [-p | --paginate | -P | --no-pager] [--no-replace-objects] [--bare]\n           [--git-dir=<path>] [--work-tree=<path>] [--namespace=<name>]\n           [--config-env=<name>=<envvar>] <command> [<args>]\n\nThese are common Git commands used in various situations:\n\nstart a working area (see also: git help tutorial)\n   clone     Clone a repository into a new directory\n   init      Create an empty Git repository or reinitialize an existing one\n\nwork on the current change (see also: git help everyday)\n   add       Add file contents to the index\n   mv        Move or rename a file, a directory, or a symlink\n   restore   Restore working tree files\n   rm        Remove files from the working tree and from the index\n\nexamine the history and state (see also: git help revisions)\n   bisect    Use binary search to find the commit that introduced a bug\n   diff      Show changes between commits, commit and working tree, etc\n   grep      Print lines matching a pattern\n   log       Show commit logs\n   show      Show various types of objects\n   status    Show the working tree status\n\ngrow, mark and tweak your common history\n   branch    List, create, or delete branches\n   commit    Record changes to the repository\n   merge     Join two or more development histories together\n   rebase    Reapply commits on top of another base tip\n   reset     Reset current HEAD to the specified state\n   switch    Switch branches\n   tag       Create, list, delete or verify a tag object signed with GPG\n\ncollaborate (see also: git help workflows)\n   fetch     Download objects and refs from another repository\n   pull      Fetch from and integrate with another repository or a local branch\n   push      Update remote refs along with associated objects\n\n'git help -a' and 'git help -g' list available subcommands and some\nconcept guides. See 'git help <command>' or 'git help <concept>'\nto read about a specific subcommand or concept.\nSee 'git help git' for an overview of the system.\n""
[0m18:16:15.832121 [debug] [MainThread]: STDERR: "b''"
[0m18:16:15.833496 [info ] [MainThread]:  - git [[32mOK found[0m]

[0m18:16:15.834453 [info ] [MainThread]: Connection test skipped since no profile was found
[0m18:16:15.835251 [info ] [MainThread]: [31m2 checks failed:[0m
[0m18:16:15.835901 [info ] [MainThread]: dbt looked for a profiles.yml file in C:\Users\mesai\.dbt\profiles.yml, but did
not find one. For more information on configuring your profile, consult the
documentation:

https://docs.getdbt.com/docs/configure-your-profile


[0m18:16:15.836558 [info ] [MainThread]: Project loading failed for the following reason:
 project path <D:\DBT\course\dbt_project.yml> not found

[0m18:16:15.837911 [debug] [MainThread]: Command `dbt debug` failed at 18:16:15.837692 after 1.63 seconds
[0m18:16:15.838450 [debug] [MainThread]: Flushing usage events
[0m18:19:01.423957 [debug] [MainThread]: Got an exception trying to initialize tracking


============================== 18:19:01.536383 | d9924247-e170-439c-974f-4c976a5c63d9 ==============================
[0m18:19:01.536383 [info ] [MainThread]: Running with dbt=1.11.2
[0m18:19:01.537327 [debug] [MainThread]: running dbt with arguments {'static_parser': 'True', 'no_print': 'None', 'version_check': 'True', 'target_path': 'None', 'warn_error_options': 'WarnErrorOptionsV2(error=[], warn=[], silence=[])', 'printer_width': '80', 'write_json': 'True', 'introspect': 'True', 'log_cache_events': 'False', 'empty': 'None', 'cache_selected_only': 'False', 'fail_fast': 'False', 'debug': 'False', 'log_format': 'default', 'profiles_dir': 'C:\\Users\\mesai\\.dbt', 'send_anonymous_usage_stats': 'True', 'quiet': 'False', 'warn_error': 'None', 'partial_parse': 'True', 'use_colors': 'True', 'invocation_command': 'dbt debug', 'indirect_selection': 'eager', 'use_experimental_parser': 'False', 'log_path': 'logs'}
[0m18:19:01.669207 [info ] [MainThread]: dbt version: 1.11.2
[0m18:19:01.670365 [info ] [MainThread]: python version: 3.13.12
[0m18:19:01.671417 [info ] [MainThread]: python path: D:\DBT\course\.venv\Scripts\python.exe
[0m18:19:01.672386 [info ] [MainThread]: os info: Windows-11-10.0.26200-SP0
[0m18:19:01.673431 [info ] [MainThread]: Using profiles dir at C:\Users\mesai\.dbt
[0m18:19:01.674454 [info ] [MainThread]: Using profiles.yml file at C:\Users\mesai\.dbt\profiles.yml
[0m18:19:01.675323 [info ] [MainThread]: Using dbt_project.yml file at D:\DBT\course\dbt_project.yml
[0m18:19:01.676453 [info ] [MainThread]: Configuration:
[0m18:19:01.677291 [info ] [MainThread]:   profiles.yml file [[31mERROR not found[0m]
[0m18:19:01.678088 [info ] [MainThread]:   dbt_project.yml file [[31mERROR not found[0m]
[0m18:19:01.678806 [info ] [MainThread]: Required dependencies:
[0m18:19:01.679546 [debug] [MainThread]: Executing "git --help"
[0m18:19:01.733318 [debug] [MainThread]: STDOUT: "b"usage: git [-v | --version] [-h | --help] [-C <path>] [-c <name>=<value>]\n           [--exec-path[=<path>]] [--html-path] [--man-path] [--info-path]\n           [-p | --paginate | -P | --no-pager] [--no-replace-objects] [--bare]\n           [--git-dir=<path>] [--work-tree=<path>] [--namespace=<name>]\n           [--config-env=<name>=<envvar>] <command> [<args>]\n\nThese are common Git commands used in various situations:\n\nstart a working area (see also: git help tutorial)\n   clone     Clone a repository into a new directory\n   init      Create an empty Git repository or reinitialize an existing one\n\nwork on the current change (see also: git help everyday)\n   add       Add file contents to the index\n   mv        Move or rename a file, a directory, or a symlink\n   restore   Restore working tree files\n   rm        Remove files from the working tree and from the index\n\nexamine the history and state (see also: git help revisions)\n   bisect    Use binary search to find the commit that introduced a bug\n   diff      Show changes between commits, commit and working tree, etc\n   grep      Print lines matching a pattern\n   log       Show commit logs\n   show      Show various types of objects\n   status    Show the working tree status\n\ngrow, mark and tweak your common history\n   branch    List, create, or delete branches\n   commit    Record changes to the repository\n   merge     Join two or more development histories together\n   rebase    Reapply commits on top of another base tip\n   reset     Reset current HEAD to the specified state\n   switch    Switch branches\n   tag       Create, list, delete or verify a tag object signed with GPG\n\ncollaborate (see also: git help workflows)\n   fetch     Download objects and refs from another repository\n   pull      Fetch from and integrate with another repository or a local branch\n   push      Update remote refs along with associated objects\n\n'git help -a' and 'git help -g' list available subcommands and some\nconcept guides. See 'git help <command>' or 'git help <concept>'\nto read about a specific subcommand or concept.\nSee 'git help git' for an overview of the system.\n""
[0m18:19:01.734193 [debug] [MainThread]: STDERR: "b''"
[0m18:19:01.734751 [info ] [MainThread]:  - git [[32mOK found[0m]

[0m18:19:01.735416 [info ] [MainThread]: Connection test skipped since no profile was found
[0m18:19:01.736101 [info ] [MainThread]: [31m2 checks failed:[0m
[0m18:19:01.736663 [info ] [MainThread]: dbt looked for a profiles.yml file in C:\Users\mesai\.dbt\profiles.yml, but did
not find one. For more information on configuring your profile, consult the
documentation:

https://docs.getdbt.com/docs/configure-your-profile


[0m18:19:01.737236 [info ] [MainThread]: Project loading failed for the following reason:
 project path <D:\DBT\course\dbt_project.yml> not found

[0m18:19:01.738427 [debug] [MainThread]: Command `dbt debug` failed at 18:19:01.738223 after 0.45 seconds
[0m18:19:01.738917 [debug] [MainThread]: Flushing usage events
[0m18:19:15.409295 [debug] [MainThread]: Got an exception trying to initialize tracking


============================== 18:19:15.497619 | bec805b5-7e58-4486-85de-ecadf18ad16f ==============================
[0m18:19:15.497619 [info ] [MainThread]: Running with dbt=1.11.2
[0m18:19:15.498732 [debug] [MainThread]: running dbt with arguments {'static_parser': 'True', 'no_print': 'None', 'version_check': 'True', 'target_path': 'None', 'warn_error_options': 'WarnErrorOptionsV2(error=[], warn=[], silence=[])', 'printer_width': '80', 'write_json': 'True', 'empty': 'None', 'log_cache_events': 'False', 'introspect': 'True', 'cache_selected_only': 'False', 'fail_fast': 'False', 'debug': 'False', 'log_format': 'default', 'profiles_dir': 'C:\\Users\\mesai\\.dbt', 'send_anonymous_usage_stats': 'True', 'quiet': 'False', 'warn_error': 'None', 'partial_parse': 'True', 'invocation_command': 'dbt debug', 'use_colors': 'True', 'indirect_selection': 'eager', 'use_experimental_parser': 'False', 'log_path': 'logs'}
[0m18:19:15.528311 [info ] [MainThread]: dbt version: 1.11.2
[0m18:19:15.528933 [info ] [MainThread]: python version: 3.13.12
[0m18:19:15.529450 [info ] [MainThread]: python path: D:\DBT\course\.venv\Scripts\python.exe
[0m18:19:15.529914 [info ] [MainThread]: os info: Windows-11-10.0.26200-SP0
[0m18:19:15.530452 [info ] [MainThread]: Using profiles dir at C:\Users\mesai\.dbt
[0m18:19:15.531318 [info ] [MainThread]: Using profiles.yml file at C:\Users\mesai\.dbt\profiles.yml
[0m18:19:15.531899 [info ] [MainThread]: Using dbt_project.yml file at D:\DBT\course\dbt_project.yml
[0m18:19:15.532643 [info ] [MainThread]: Configuration:
[0m18:19:15.533548 [info ] [MainThread]:   profiles.yml file [[31mERROR not found[0m]
[0m18:19:15.534423 [info ] [MainThread]:   dbt_project.yml file [[31mERROR not found[0m]
[0m18:19:15.535325 [info ] [MainThread]: Required dependencies:
[0m18:19:15.536016 [debug] [MainThread]: Executing "git --help"
[0m18:19:15.583821 [debug] [MainThread]: STDOUT: "b"usage: git [-v | --version] [-h | --help] [-C <path>] [-c <name>=<value>]\n           [--exec-path[=<path>]] [--html-path] [--man-path] [--info-path]\n           [-p | --paginate | -P | --no-pager] [--no-replace-objects] [--bare]\n           [--git-dir=<path>] [--work-tree=<path>] [--namespace=<name>]\n           [--config-env=<name>=<envvar>] <command> [<args>]\n\nThese are common Git commands used in various situations:\n\nstart a working area (see also: git help tutorial)\n   clone     Clone a repository into a new directory\n   init      Create an empty Git repository or reinitialize an existing one\n\nwork on the current change (see also: git help everyday)\n   add       Add file contents to the index\n   mv        Move or rename a file, a directory, or a symlink\n   restore   Restore working tree files\n   rm        Remove files from the working tree and from the index\n\nexamine the history and state (see also: git help revisions)\n   bisect    Use binary search to find the commit that introduced a bug\n   diff      Show changes between commits, commit and working tree, etc\n   grep      Print lines matching a pattern\n   log       Show commit logs\n   show      Show various types of objects\n   status    Show the working tree status\n\ngrow, mark and tweak your common history\n   branch    List, create, or delete branches\n   commit    Record changes to the repository\n   merge     Join two or more development histories together\n   rebase    Reapply commits on top of another base tip\n   reset     Reset current HEAD to the specified state\n   switch    Switch branches\n   tag       Create, list, delete or verify a tag object signed with GPG\n\ncollaborate (see also: git help workflows)\n   fetch     Download objects and refs from another repository\n   pull      Fetch from and integrate with another repository or a local branch\n   push      Update remote refs along with associated objects\n\n'git help -a' and 'git help -g' list available subcommands and some\nconcept guides. See 'git help <command>' or 'git help <concept>'\nto read about a specific subcommand or concept.\nSee 'git help git' for an overview of the system.\n""
[0m18:19:15.584519 [debug] [MainThread]: STDERR: "b''"
[0m18:19:15.585073 [info ] [MainThread]:  - git [[32mOK found[0m]

[0m18:19:15.585612 [info ] [MainThread]: Connection test skipped since no profile was found
[0m18:19:15.586229 [info ] [MainThread]: [31m2 checks failed:[0m
[0m18:19:15.586705 [info ] [MainThread]: dbt looked for a profiles.yml file in C:\Users\mesai\.dbt\profiles.yml, but did
not find one. For more information on configuring your profile, consult the
documentation:

https://docs.getdbt.com/docs/configure-your-profile


[0m18:19:15.587281 [info ] [MainThread]: Project loading failed for the following reason:
 project path <D:\DBT\course\dbt_project.yml> not found

[0m18:19:15.588400 [debug] [MainThread]: Command `dbt debug` failed at 18:19:15.588237 after 0.29 seconds
[0m18:19:15.588813 [debug] [MainThread]: Flushing usage events
[0m17:15:48.670205 [debug] [MainThread]: Got an exception trying to initialize tracking


============================== 17:15:48.810864 | 208b7e59-10d8-492e-bbdf-6e87f4b47290 ==============================
[0m17:15:48.810864 [info ] [MainThread]: Running with dbt=1.11.7
[0m17:15:48.811802 [debug] [MainThread]: running dbt with arguments {'static_parser': 'True', 'no_print': 'None', 'version_check': 'True', 'warn_error_options': 'WarnErrorOptionsV2(error=[], warn=[], silence=[])', 'target_path': 'None', 'printer_width': '80', 'write_json': 'True', 'empty': 'None', 'log_cache_events': 'False', 'introspect': 'True', 'cache_selected_only': 'False', 'log_format': 'default', 'debug': 'False', 'fail_fast': 'False', 'profiles_dir': 'C:\\Users\\mesai\\.dbt', 'send_anonymous_usage_stats': 'True', 'quiet': 'False', 'warn_error': 'None', 'partial_parse': 'True', 'invocation_command': 'dbt docs serve', 'use_colors': 'True', 'indirect_selection': 'eager', 'use_experimental_parser': 'False', 'log_path': 'logs'}
[0m17:15:48.812502 [error] [MainThread]: Encountered an error:
Runtime Error
  No dbt_project.yml found at expected path D:\DBT\course\dbt_project.yml
  Verify that each entry within packages.yml (and their transitive dependencies) contains a file named dbt_project.yml
  
[0m17:15:48.813643 [debug] [MainThread]: Command `dbt docs serve` failed at 17:15:48.813475 after 0.28 seconds
[0m17:15:48.814100 [debug] [MainThread]: Flushing usage events
